app/build/outputs/logs/manifest-merger-debug-report.txt
-- Merging decision tree log ---
manifest
ADDED from src\main\AndroidManifest.xml:16:1-39:12
	package
		ADDED from src\main\AndroidManifest.xml:17:7-50
		INJECTED from src\main\AndroidManifest.xml
		INJECTED from src\main\AndroidManifest.xml
	android:versionName
		ADDED from src\main\AndroidManifest.xml:19:7-32
		INJECTED from src\main\AndroidManifest.xml
		INJECTED from src\main\AndroidManifest.xml
	android:versionCode
		ADDED from src\main\AndroidManifest.xml:18:7-30
		INJECTED from src\main\AndroidManifest.xml
		INJECTED from src\main\AndroidManifest.xml
	xmlns:android
		ADDED from src\main\AndroidManifest.xml:16:11-69
uses-sdk
ADDED from src\main\AndroidManifest.xml:20:5-74
	android:targetSdkVersion
		ADDED from src\main\AndroidManifest.xml:20:42-71
		INJECTED from src\main\AndroidManifest.xml
		INJECTED from src\main\AndroidManifest.xml
	android:minSdkVersion
		ADDED from src\main\AndroidManifest.xml:20:16-41
		INJECTED from src\main\AndroidManifest.xml
		INJECTED from src\main\AndroidManifest.xml
uses-permission#android.permission.BLUETOOTH_ADMIN
ADDED from src\main\AndroidManifest.xml:21:5-74
	android:name
		ADDED from src\main\AndroidManifest.xml:21:22-71
uses-permission#android.permission.BLUETOOTH
ADDED from src\main\AndroidManifest.xml:22:5-68
	android:name
		ADDED from src\main\AndroidManifest.xml:22:22-65
application
ADDED from src\main\AndroidManifest.xml:24:5-38:19
	android:label
		ADDED from src\main\AndroidManifest.xml:24:18-50
	android:icon
		ADDED from src\main\AndroidManifest.xml:25:18-51
activity#com.example.android.BluetoothChat.BluetoothChat
ADDED from src\main\AndroidManifest.xml:26:9-33:20
	android:label
		ADDED from src\main\AndroidManifest.xml:27:19-51
	android:configChanges
		ADDED from src\main\AndroidManifest.xml:28:19-69
	android:name
		ADDED from src\main\AndroidManifest.xml:26:19-48
intent-filter#android.intent.action.MAIN+android.intent.category.LAUNCHER
ADDED from src\main\AndroidManifest.xml:29:13-32:29
action#android.intent.action.MAIN
ADDED from src\main\AndroidManifest.xml:30:17-69
	android:name
		ADDED from src\main\AndroidManifest.xml:30:25-66
category#android.intent.category.LAUNCHER
ADDED from src\main\AndroidManifest.xml:31:17-77
	android:name
		ADDED from src\main\AndroidManifest.xml:31:27-74
activity#com.example.android.BluetoothChat.DeviceListActivity
ADDED from src\main\AndroidManifest.xml:34:9-37:72
	android:label
		ADDED from src\main\AndroidManifest.xml:35:19-56
	android:configChanges
		ADDED from src\main\AndroidManifest.xml:37:19-69
	android:theme
		ADDED from src\main\AndroidManifest.xml:36:19-62
	android:name
		ADDED from src\main\AndroidManifest.xml:34:19-53